<?xml version="1.0" encoding="UTF-8"?>
<!-- Generated by org.testng.reporters.JUnitReportReporter -->
<testsuite hostname="Zhussam" failures="0" tests="1" name="com.google.FirstTest" time="6.376" errors="0" timestamp="12 feb. 2022 17:13:20 GMT" skipped="0">
  <testcase classname="com.google.FirstTest" name="googleTest" time="6.376"/>
</testsuite> <!-- com.google.FirstTest -->
